==========================================
  FLATPAK + PROTON/WINE AUDIT
  System: bazzite
  Date: Thu 30 Oct 2025 00:43:03 AEDT
==========================================

[0;32m[INFO][0m PHASE 1: Flatpak Inventory

Warp	app.drey.Warp	0.9.2	15.8 MB	system
Simplexity	br.com.wiselabs.simplexity	1.0.1	280.0 MB	system
Proton Mail Bridge	ch.protonmail.protonmail-bridge	3.21.2	181.0 MB	system
AnyDesk	com.anydesk.Anydesk	7.1.0	2.1 MB	system
Protontricks	com.github.Matoking.protontricks	1.13.0	18.8 MB	system
gpuvis	com.github.gpuvis.Gpuvis	0.1	1.7 MB	system
Jellyfin Media Player	com.github.iwalton3.jellyfin-media-player	1.12.0	184.2 MB	system
ThiefMD	com.github.kmwallio.thiefmd	0.2.7	183.8 MB	system
Szyszka	com.github.qarmin.szyszka	3.0.0	4.4 MB	system
Flatseal	com.github.tchx84.Flatseal	2.4.0	1.4 MB	system
Gopeed	com.gopeed.Gopeed	1.8.2	73.7 MB	system
Heroic	com.heroicgameslauncher.hgl	v2.18.1	561.4 MB	system
Flutter nmap GUI	com.krioltech.fnmap	1.3.4-1	62.0 MB	system
Orion Torrent Client	com.ktechpit.orion	3.0.0	251.4 MB	system
John the Ripper CE	com.openwall.John	1.9.1-ce	141.3 MB	system
DistroShelf	com.ranfdev.DistroShelf	1.0.15	5.9 MB	system
SmartGit	com.syntevo.SmartGit	24.1.5	2.3 MB	system
Unity Hub	com.unity.UnityHub	3.12.1	13.0 MB	system
Bottles	com.usebottles.bottles	51.26	490.6 MB	system
Steam Link	com.valvesoftware.SteamLink	1.3.18.291	79.0 MB	system
ProtonPlus	com.vysp3r.ProtonPlus	0.5.13	1.6 MB	system
GridPlayer	com.vzhd1701.gridplayer	0.5.3	173.5 MB	system
GOnnect	de.gonicus.gonnect	2.0.6	365.3 MB	system
Clapgrep	de.leopoldluley.Clapgrep	25.09	24.5 MB	system
Waycheck	dev.serebit.Waycheck	1.7.0	643.6 kB	system
Vesktop	dev.vencord.Vesktop	1.6.1	319.5 MB	system
guiscrcpy	in.srev.guiscrcpy	4.11.3	62.3 MB	system
BlockLoader	io.blockloader.BlockLoader	0.5.8	247.8 MB	system
GDLauncher	io.gdevs.GDLauncher	1.1.30	245.5 MB	system
AdwSteamGtk	io.github.Foldex.AdwSteamGtk	0.8.0	3.0 MB	system
PDF4QT	io.github.JakubMelka.Pdf4qt	1.5.2.0	39.3 MB	system
GameOutlet	io.github.appoutlet.GameOutlet	v1.4.3	236.5 MB	system
GPU-Viewer	io.github.arunsivaramanneo.GPUViewer	3.20	34.3 MB	system
Warehouse	io.github.flattool.Warehouse	2.1.0	1.2 MB	system
LACT	io.github.ilya_zlobintsev.LACT	0.8.2	14.6 MB	system
Limo	io.github.limo_app.limo	1.2.2	15.1 MB	system
SysD Manager	io.github.plrigaux.sysd-manager	2.6.0	14.8 MB	system
Mango Juice	io.github.radiolamp.mangojuice	0.8.8	35.6 MB	system
Scopebuddy GUI	io.github.rfrench3.scopebuddy-gui	v2.2.0	152.9 MB	system
icon-browser-adw	io.github.rsvzz.iconvwadw	0.1.17	601.1 kB	system
Rewaita	io.github.swordpuffin.rewaita	1.0.8	1.5 MB	system
Mission Center	io.missioncenter.MissionCenter	1.0.2	32.0 MB	system
Gear Lever	it.mijorus.gearlever	3.4.5	21.3 MB	system
Obsidian	md.obsidian.Obsidian	1.9.14	631.1 MB	system
Proton Mail	me.proton.Mail	1.9.1	249.7 MB	system
Proton Pass	me.proton.Pass	1.32.11	296.9 MB	system
Master PDF Editor	net.code_industry.MasterPDFEditor	5.9.94	21.5 MB	system
ProtonUp-Qt	net.davidotek.pupgui2	2.14.0	171.3 MB	system
Floorp	one.ablaze.floorp	12.4.0	319.2 MB	system
Tuner	org.altlinux.Tuner	0.5.0	2.4 MB	system
signal-cli	org.asamk.SignalCli	0.13.21	295.8 MB	system
Easyflatpak	org.dupot.easyflatpak	3.24.1	72.3 MB	system
Fedora Media Writer	org.fedoraproject.MediaWriter	5.2.8	3.1 MB	system
Flatpak Developer Demo	org.flatpak.qtdemo	1.1.3	535.6 kB	system
FreeCAD	org.freecad.FreeCAD	1.0.2	1.2 GB	system
Bustle	org.freedesktop.Bustle	0.13.0	4.6 MB	system
fwupd	org.freedesktop.fwupd	2.0.16	29.6 MB	system
Connections	org.gnome.Connections	49.0	18.4 MB	system
File Roller	org.gnome.FileRoller	44.6	5.5 MB	system
GHex	org.gnome.GHex	48.1	1.8 MB	system
Keysign	org.gnome.Keysign	1.2.0	126.1 MB	system
Nuclear	org.js.nuclear.Nuclear	v0.6.48	533.2 MB	system
JupyterLab Desktop	org.jupyter.JupyterLab	4.2.5-1	532.1 MB	system
Filelight	org.kde.filelight	25.08.2	8.4 MB	system
Gwenview	org.kde.gwenview	25.08.2	25.0 MB	system
Haruna	org.kde.haruna	1.6.0	16.6 MB	system
KCalc	org.kde.kcalc	25.08.2	3.8 MB	system
Konsole	org.kde.konsole	25.08.2	6.0 MB	system
Okular	org.kde.okular	25.08.2	123.3 MB	system
Hardware Probe	org.linux_hardware.hw-probe	1.6.5	35.1 MB	system
Firefox	org.mozilla.firefox	144.0.2	300.6 MB	system
qBittorrent	org.qbittorrent.qBittorrent	5.1.2	18.6 MB	system
Remmina	org.remmina.Remmina	1.4.41	24.9 MB	system
Signal Desktop	org.signal.Signal	7.76.0	501.2 MB	system
VLC	org.videolan.VLC	3.0.21	155.4 MB	system
WezTerm	org.wezfurlong.wezterm	20240203-110809-5046fc22	125.8 MB	system
Lanchat	pl.youkai.lanchat	2.10.1	17.3 MB	system
VacuumTube	rocks.shy.VacuumTube	1.3.21	306.5 MB	system
PortProton	ru.linux_gaming.PortProton	1.7.3	120.3 MB	system
PuTTY	uk.org.greenend.chiark.sgtatham.putty	0.83	7.8 MB	system
Materialious	us.materialio.Materialious	1.10.17	358.1 MB	system
[0;32m[INFO][0m Total Flatpak apps: 81
[0;32m[INFO][0m PHASE 2: Flatpak Permissions Audit

[0;32m[INFO][0m PHASE 3: Flatpak Overrides

[0;32m[INFO][0m PHASE 4: Proton/Wine Configuration

